Build started 16.12.2019 11:14:38.
     1>Project "C:\Users\LENOVO\Documents\VS10Projects\Denemeİki\Denemeİki\Denemeİki.vcxproj" on node 2 (build target(s)).
     1>InitializeBuildStatus:
         Creating "Debug\Denemeİki.unsuccessfulbuild" because "AlwaysCreate" was specified.
       ClCompile:
         All outputs are up-to-date.
         C:\Program Files (x86)\Microsoft Visual Studio 10.0\VC\bin\CL.exe /c /ZI /nologo /W3 /WX- /Od /Oy- /D "WIN32" /D _DEBUG /D _CONSOLE /D "_UNICODE" /D "UNICODE" /Gm /EHsc /RTC1 /MDd /GS /fp:precise /Zc:wchar_t /Zc:forScope /Yu"StdAfx.h" /Fp"Debug\Denemeİki.pch" /Fo"Debug\\" /Fd"Debug\vc100.pdb" /Gd /TP /analyze- /errorReport:prompt Denemeİki.cpp
         Denemeİki.cpp
     1>c:\users\lenovo\documents\vs10projects\denemeİki\denemeİki\denemeİki.cpp(15): warning C4244: '=' : conversion from 'double' to 'float', possible loss of data
     1>c:\users\lenovo\documents\vs10projects\denemeİki\denemeİki\denemeİki.cpp(27): warning C4996: 'scanf': This function or variable may be unsafe. Consider using scanf_s instead. To disable deprecation, use _CRT_SECURE_NO_WARNINGS. See online help for details.
                 c:\program files (x86)\microsoft visual studio 10.0\vc\include\stdio.h(304) : see declaration of 'scanf'
     1>c:\users\lenovo\documents\vs10projects\denemeİki\denemeİki\denemeİki.cpp(34): warning C4996: 'scanf': This function or variable may be unsafe. Consider using scanf_s instead. To disable deprecation, use _CRT_SECURE_NO_WARNINGS. See online help for details.
                 c:\program files (x86)\microsoft visual studio 10.0\vc\include\stdio.h(304) : see declaration of 'scanf'
       ManifestResourceCompile:
         All outputs are up-to-date.
       Link:
         C:\Program Files (x86)\Microsoft Visual Studio 10.0\VC\bin\link.exe /ERRORREPORT:PROMPT /OUT:"C:\Users\LENOVO\Documents\VS10Projects\Denemeİki\Debug\Denemeİki.exe" /INCREMENTAL /NOLOGO kernel32.lib user32.lib gdi32.lib winspool.lib comdlg32.lib advapi32.lib shell32.lib ole32.lib oleaut32.lib uuid.lib odbc32.lib odbccp32.lib /MANIFEST /ManifestFile:"Debug\Denemeİki.exe.intermediate.manifest" /MANIFESTUAC:"level='asInvoker' uiAccess='false'" /DEBUG /PDB:"C:\Users\LENOVO\Documents\VS10Projects\Denemeİki\Debug\Denemeİki.pdb" /SUBSYSTEM:CONSOLE /TLBID:1 /DYNAMICBASE /NXCOMPAT /IMPLIB:"C:\Users\LENOVO\Documents\VS10Projects\Denemeİki\Debug\Denemeİki.lib" /MACHINE:X86 Debug\Denemeİki.exe.embed.manifest.res
         Debug\Denemeİki.obj
         Debug\stdafx.obj
       Manifest:
         C:\Program Files (x86)\Microsoft SDKs\Windows\v7.0A\bin\mt.exe /nologo /verbose /out:"Debug\Denemeİki.exe.embed.manifest" /manifest Debug\Denemeİki.exe.intermediate.manifest
         All outputs are up-to-date.
       LinkEmbedManifest:
         All outputs are up-to-date.
         Denemeİki.vcxproj -> C:\Users\LENOVO\Documents\VS10Projects\Denemeİki\Debug\Denemeİki.exe
       FinalizeBuildStatus:
         Deleting file "Debug\Denemeİki.unsuccessfulbuild".
         Touching "Debug\Denemeİki.lastbuildstate".
     1>Done Building Project "C:\Users\LENOVO\Documents\VS10Projects\Denemeİki\Denemeİki\Denemeİki.vcxproj" (build target(s)).

Build succeeded.

Time Elapsed 00:00:00.30
