Build started 16.12.2019 11:10:10.
     1>Project "C:\Users\LENOVO\Documents\VS10Projects\İlkDeneme\İlkDeneme\İlkDeneme.vcxproj" on node 2 (build target(s)).
     1>InitializeBuildStatus:
         Creating "x64\Release\İlkDeneme.unsuccessfulbuild" because "AlwaysCreate" was specified.
       ClCompile:
         All outputs are up-to-date.
         C:\Program Files (x86)\Microsoft Visual Studio 10.0\VC\bin\x86_amd64\CL.exe /c /Zi /nologo /W3 /WX- /O2 /Oi /GL /D "WIN32" /D NDEBUG /D _CONSOLE /D "_UNICODE" /D "UNICODE" /Gm- /EHsc /MD /GS /Gy /fp:precise /Zc:wchar_t /Zc:forScope /Yu"StdAfx.h" /Fp"x64\Release\İlkDeneme.pch" /Fo"x64\Release\\" /Fd"x64\Release\vc100.pdb" /Gd /TP /errorReport:prompt İlkDeneme.cpp
         İlkDeneme.cpp
     1>İlkDeneme.cpp(17): warning C4996: 'scanf': This function or variable may be unsafe. Consider using scanf_s instead. To disable deprecation, use _CRT_SECURE_NO_WARNINGS. See online help for details.
                 C:\Program Files (x86)\Microsoft Visual Studio 10.0\VC\include\stdio.h(304) : see declaration of 'scanf'
       Link:
         C:\Program Files (x86)\Microsoft Visual Studio 10.0\VC\bin\x86_amd64\link.exe /ERRORREPORT:PROMPT /OUT:"C:\Users\LENOVO\Documents\VS10Projects\İlkDeneme\x64\Release\İlkDeneme.exe" /INCREMENTAL:NO /NOLOGO kernel32.lib user32.lib gdi32.lib winspool.lib comdlg32.lib advapi32.lib shell32.lib ole32.lib oleaut32.lib uuid.lib odbc32.lib odbccp32.lib /MANIFEST /ManifestFile:"x64\Release\İlkDeneme.exe.intermediate.manifest" /MANIFESTUAC:"level='asInvoker' uiAccess='false'" /DEBUG /PDB:"C:\Users\LENOVO\Documents\VS10Projects\İlkDeneme\x64\Release\İlkDeneme.pdb" /SUBSYSTEM:CONSOLE /OPT:REF /OPT:ICF /LTCG /TLBID:1 /DYNAMICBASE /NXCOMPAT /IMPLIB:"C:\Users\LENOVO\Documents\VS10Projects\İlkDeneme\x64\Release\İlkDeneme.lib" /MACHINE:X64 x64\Release\stdafx.obj
         x64\Release\İlkDeneme.obj
         Generating code
         Finished generating code
         İlkDeneme.vcxproj -> C:\Users\LENOVO\Documents\VS10Projects\İlkDeneme\x64\Release\İlkDeneme.exe
       Manifest:
         C:\Program Files (x86)\Microsoft SDKs\Windows\v7.0A\bin\mt.exe /nologo /verbose /outputresource:"C:\Users\LENOVO\Documents\VS10Projects\İlkDeneme\x64\Release\İlkDeneme.exe;#1" /manifest x64\Release\İlkDeneme.exe.intermediate.manifest
       FinalizeBuildStatus:
         Deleting file "x64\Release\İlkDeneme.unsuccessfulbuild".
         Touching "x64\Release\İlkDeneme.lastbuildstate".
     1>Done Building Project "C:\Users\LENOVO\Documents\VS10Projects\İlkDeneme\İlkDeneme\İlkDeneme.vcxproj" (build target(s)).

Build succeeded.

Time Elapsed 00:00:00.30
